mode: set
github.com/maslow123/bookings/cmd/web/main.go:23.13,25.16 2 0
github.com/maslow123/bookings/cmd/web/main.go:28.2,36.16 4 0
github.com/maslow123/bookings/cmd/web/main.go:25.16,27.3 1 0
github.com/maslow123/bookings/cmd/web/main.go:36.16,38.3 1 0
github.com/maslow123/bookings/cmd/web/main.go:41.18,57.16 10 1
github.com/maslow123/bookings/cmd/web/main.go:62.2,71.12 6 1
github.com/maslow123/bookings/cmd/web/main.go:57.16,60.3 2 0
github.com/maslow123/bookings/cmd/web/middleware.go:10.53,11.71 1 0
github.com/maslow123/bookings/cmd/web/middleware.go:11.71,14.3 2 0
github.com/maslow123/bookings/cmd/web/middleware.go:18.45,29.2 3 1
github.com/maslow123/bookings/cmd/web/middleware.go:32.50,34.2 1 1
github.com/maslow123/bookings/cmd/web/routes.go:11.49,32.2 17 1
